2017-10-14 22:18:05,271  INFO SpringBootTestContextBootstrapper:319 - Neither @ContextConfiguration nor @ContextHierarchy found for test class [com.frank.chapter53.Chapter53ApplicationTests], using SpringBootContextLoader
2017-10-14 22:18:05,291  INFO AbstractContextLoader:264 - Could not detect default resource locations for test class [com.frank.chapter53.Chapter53ApplicationTests]: no resource found for suffixes {-context.xml, Context.groovy}.
2017-10-14 22:18:05,297  INFO AnnotationConfigContextLoaderUtils:81 - Could not detect default configuration classes for test class [com.frank.chapter53.Chapter53ApplicationTests]: Chapter53ApplicationTests does not declare any static, non-private, non-final, nested classes annotated with @Configuration.
2017-10-14 22:18:05,724  INFO SpringBootTestContextBootstrapper:160 - Found @SpringBootConfiguration com.frank.chapter53.Chapter53Application for test class com.frank.chapter53.Chapter53ApplicationTests
2017-10-14 22:18:05,750  INFO SpringBootTestContextBootstrapper:260 - Loaded default TestExecutionListener class names from location [META-INF/spring.factories]: [org.springframework.boot.test.mock.mockito.MockitoTestExecutionListener, org.springframework.boot.test.mock.mockito.ResetMocksTestExecutionListener, org.springframework.boot.test.autoconfigure.AutoConfigureReportTestExecutionListener, org.springframework.boot.test.autoconfigure.restdocs.RestDocsTestExecutionListener, org.springframework.boot.test.autoconfigure.web.client.MockRestServiceServerResetTestExecutionListener, org.springframework.test.context.web.ServletTestExecutionListener, org.springframework.test.context.support.DirtiesContextBeforeModesTestExecutionListener, org.springframework.test.context.support.DependencyInjectionTestExecutionListener, org.springframework.test.context.support.DirtiesContextTestExecutionListener, org.springframework.test.context.transaction.TransactionalTestExecutionListener, org.springframework.test.context.jdbc.SqlScriptsTestExecutionListener]
2017-10-14 22:18:05,769  INFO SpringBootTestContextBootstrapper:209 - Could not instantiate TestExecutionListener [org.springframework.test.context.transaction.TransactionalTestExecutionListener]. Specify custom listener classes or make the default listener classes (and their required dependencies) available. Offending class: [org/springframework/transaction/interceptor/TransactionAttributeSource]
2017-10-14 22:18:05,771  INFO SpringBootTestContextBootstrapper:209 - Could not instantiate TestExecutionListener [org.springframework.test.context.jdbc.SqlScriptsTestExecutionListener]. Specify custom listener classes or make the default listener classes (and their required dependencies) available. Offending class: [org/springframework/transaction/interceptor/TransactionAttribute]
2017-10-14 22:18:05,772  INFO SpringBootTestContextBootstrapper:187 - Using TestExecutionListeners: [org.springframework.test.context.web.ServletTestExecutionListener@4b9e255, org.springframework.test.context.support.DirtiesContextBeforeModesTestExecutionListener@5e57643e, org.springframework.boot.test.autoconfigure.AutoConfigureReportTestExecutionListener@133e16fd, org.springframework.test.context.support.DependencyInjectionTestExecutionListener@51b279c9, org.springframework.test.context.support.DirtiesContextTestExecutionListener@1ad282e0, org.springframework.boot.test.autoconfigure.restdocs.RestDocsTestExecutionListener@7f416310, org.springframework.boot.test.mock.mockito.ResetMocksTestExecutionListener@1cab0bfb, org.springframework.boot.test.mock.mockito.MockitoTestExecutionListener@5e955596, org.springframework.boot.test.autoconfigure.web.client.MockRestServiceServerResetTestExecutionListener@50de0926]
2017-10-14 22:18:07,357  INFO Chapter53ApplicationTests:48 - Starting Chapter53ApplicationTests on jianweilindeMacBook-Pro.local with PID 61574 (started by jianweilin in /Users/jianweilin/do_test/SpringBootDemo/chapter5-3)
2017-10-14 22:18:07,358  INFO Chapter53ApplicationTests:663 - The following profiles are active: dev
2017-10-14 22:18:07,576  INFO GenericWebApplicationContext:581 - Refreshing org.springframework.web.context.support.GenericWebApplicationContext@2f8dad04: startup date [Sat Oct 14 22:18:07 CST 2017]; root of context hierarchy
2017-10-14 22:18:08,137  INFO Version:30 - HV000001: Hibernate Validator 5.2.4.Final
2017-10-14 22:18:10,711  INFO RequestMappingHandlerAdapter:534 - Looking for @ControllerAdvice: org.springframework.web.context.support.GenericWebApplicationContext@2f8dad04: startup date [Sat Oct 14 22:18:07 CST 2017]; root of context hierarchy
2017-10-14 22:18:10,820  INFO RequestMappingHandlerMapping:543 - Mapped "{[/error]}" onto public org.springframework.http.ResponseEntity<java.util.Map<java.lang.String, java.lang.Object>> org.springframework.boot.autoconfigure.web.BasicErrorController.error(javax.servlet.http.HttpServletRequest)
2017-10-14 22:18:10,822  INFO RequestMappingHandlerMapping:543 - Mapped "{[/error],produces=[text/html]}" onto public org.springframework.web.servlet.ModelAndView org.springframework.boot.autoconfigure.web.BasicErrorController.errorHtml(javax.servlet.http.HttpServletRequest,javax.servlet.http.HttpServletResponse)
2017-10-14 22:18:10,866  INFO SimpleUrlHandlerMapping:354 - Mapped URL path [/webjars/**] onto handler of type [class org.springframework.web.servlet.resource.ResourceHttpRequestHandler]
2017-10-14 22:18:10,868  INFO SimpleUrlHandlerMapping:354 - Mapped URL path [/**] onto handler of type [class org.springframework.web.servlet.resource.ResourceHttpRequestHandler]
2017-10-14 22:18:10,920  INFO SimpleUrlHandlerMapping:354 - Mapped URL path [/**/favicon.ico] onto handler of type [class org.springframework.web.servlet.resource.ResourceHttpRequestHandler]
2017-10-14 22:18:11,443  INFO Chapter53ApplicationTests:57 - Started Chapter53ApplicationTests in 5.53 seconds (JVM running for 7.268)
2017-10-14 22:18:11,555  INFO Chapter53ApplicationTests:15 - 输出info
2017-10-14 22:18:11,556 ERROR Chapter53ApplicationTests:17 - 输出error
2017-10-14 22:18:11,573  INFO GenericWebApplicationContext:982 - Closing org.springframework.web.context.support.GenericWebApplicationContext@2f8dad04: startup date [Sat Oct 14 22:18:07 CST 2017]; root of context hierarchy
